<?xml version="1.0" encoding="UTF-8"?>
<!-- Generated by org.testng.reporters.JUnitXMLReporter -->
<testsuite hostname="DESKTOP-B2UQ05A" ignored="1" name="Default test" tests="1" failures="0" timestamp="2022-07-15T10:40:05 IST" time="21.403" errors="0">
  <testcase name="createOrganizationTest" time="10.861" classname="com.crm.comcast.OrganizationTest.CreateOrganizationTest"/>
  <testcase name="mandatoryFields" time="0.0" classname="com.crm.comcast.OrganizationTest.CreateOrganizationTest">
    <ignored/>
  </testcase> <!-- mandatoryFields -->
</testsuite> <!-- Default test -->
