<?xml version="1.0" encoding="UTF-8"?>
<!-- Generated by org.testng.reporters.JUnitXMLReporter -->
<testsuite hostname="DESKTOP-B2UQ05A" ignored="2" name="edgeTest" tests="3" failures="0" timestamp="2022-07-17T19:18:47 IST" time="94.961" errors="0">
  <testcase name="createDocumentsTest" time="15.255" classname="com.crm.comcast.DocumentsTest.CreateDocumentsTest"/>
  <testcase name="createContactTest" time="19.025" classname="com.crm.comcast.ContactTest.DeleteContactTest"/>
  <testcase name="deleteContactsTest" time="25.098" classname="com.crm.comcast.ContactTest.DeleteContactTest"/>
  <testcase name="@AfterSuite configAS" time="0.0" classname="com.vtiger.comcast.GENERICUTILITY.BaseClass">
    <ignored/>
  </testcase> <!-- @AfterSuite configAS -->
  <testcase name="@BeforeSuite configBS" time="0.0" classname="com.vtiger.comcast.GENERICUTILITY.BaseClass">
    <ignored/>
  </testcase> <!-- @BeforeSuite configBS -->
</testsuite> <!-- edgeTest -->
