<?xml version="1.0" encoding="UTF-8"?>
<!-- Generated by org.testng.reporters.JUnitXMLReporter -->
<testsuite hostname="DESKTOP-B2UQ05A" ignored="4" name="Test1" tests="5" failures="0" timestamp="2022-07-17T19:19:56 IST" time="0.163" errors="0">
  <testcase name="@BeforeClass launchBrowser" time="-1.658065796229E9" classname="com.vtiger.comcast.GENERICUTILITY.BaseClass">
    <failure type="org.testng.TestNGException" message="
Parameter &amp;apos;Browser&amp;apos; is required by BeforeClass on method launchBrowser but has not been marked @Optional or defined
in C:\Users\Dell\eclipse-workspace\com.crm.comcast.SDET36\parallel.xml">
      <![CDATA[org.testng.TestNGException: 
Parameter 'Browser' is required by BeforeClass on method launchBrowser but has not been marked @Optional or defined
in C:\Users\Dell\eclipse-workspace\com.crm.comcast.SDET36\parallel.xml
at java.util.ArrayList.forEach(ArrayList.java:1259)
at java.util.concurrent.FutureTask.run(FutureTask.java:266)
at java.util.concurrent.ThreadPoolExecutor.runWorker(ThreadPoolExecutor.java:1149)
at java.util.concurrent.ThreadPoolExecutor$Worker.run(ThreadPoolExecutor.java:624)
at java.lang.Thread.run(Thread.java:750)
... Removed 13 stack frames]]>
    </failure>
  </testcase> <!-- @BeforeClass launchBrowser -->
  <testcase name="@BeforeClass launchBrowser" time="-1.658065796229E9" classname="com.vtiger.comcast.GENERICUTILITY.BaseClass">
    <failure type="org.testng.TestNGException" message="
Parameter &amp;apos;Browser&amp;apos; is required by BeforeClass on method launchBrowser but has not been marked @Optional or defined
in C:\Users\Dell\eclipse-workspace\com.crm.comcast.SDET36\parallel.xml">
      <![CDATA[org.testng.TestNGException: 
Parameter 'Browser' is required by BeforeClass on method launchBrowser but has not been marked @Optional or defined
in C:\Users\Dell\eclipse-workspace\com.crm.comcast.SDET36\parallel.xml
at java.util.ArrayList.forEach(ArrayList.java:1259)
at java.util.concurrent.FutureTask.run(FutureTask.java:266)
at java.util.concurrent.ThreadPoolExecutor.runWorker(ThreadPoolExecutor.java:1149)
at java.util.concurrent.ThreadPoolExecutor$Worker.run(ThreadPoolExecutor.java:624)
at java.lang.Thread.run(Thread.java:750)
... Removed 13 stack frames]]>
    </failure>
  </testcase> <!-- @BeforeClass launchBrowser -->
  <testcase name="@BeforeMethod loginapp" time="0.032" classname="com.vtiger.comcast.GENERICUTILITY.BaseClass">
    <failure type="java.lang.NullPointerException">
      <![CDATA[java.lang.NullPointerException
at com.crm.comcast.PomRepository.LoginPage.loginToVtiger(LoginPage.java:54)
at com.vtiger.comcast.GENERICUTILITY.BaseClass.loginapp(BaseClass.java:65)
at java.util.ArrayList.forEach(ArrayList.java:1259)
at java.util.concurrent.FutureTask.run(FutureTask.java:266)
at java.util.concurrent.ThreadPoolExecutor.runWorker(ThreadPoolExecutor.java:1149)
at java.util.concurrent.ThreadPoolExecutor$Worker.run(ThreadPoolExecutor.java:624)
at java.lang.Thread.run(Thread.java:750)
... Removed 22 stack frames]]>
    </failure>
  </testcase> <!-- @BeforeMethod loginapp -->
  <testcase name="@BeforeMethod loginapp" time="0.032" classname="com.vtiger.comcast.GENERICUTILITY.BaseClass">
    <failure type="java.lang.NullPointerException">
      <![CDATA[java.lang.NullPointerException
at com.crm.comcast.PomRepository.LoginPage.loginToVtiger(LoginPage.java:54)
at com.vtiger.comcast.GENERICUTILITY.BaseClass.loginapp(BaseClass.java:65)
at java.util.ArrayList.forEach(ArrayList.java:1259)
at java.util.concurrent.FutureTask.run(FutureTask.java:266)
at java.util.concurrent.ThreadPoolExecutor.runWorker(ThreadPoolExecutor.java:1149)
at java.util.concurrent.ThreadPoolExecutor$Worker.run(ThreadPoolExecutor.java:624)
at java.lang.Thread.run(Thread.java:750)
... Removed 22 stack frames]]>
    </failure>
  </testcase> <!-- @BeforeMethod loginapp -->
  <testcase name="@AfterMethod logoutApp" time="0.007" classname="com.vtiger.comcast.GENERICUTILITY.BaseClass">
    <failure type="java.lang.IllegalArgumentException" message="Driver must be set">
      <![CDATA[java.lang.IllegalArgumentException: Driver must be set
at org.openqa.selenium.internal.Require.nonNull(Require.java:59)
at org.openqa.selenium.interactions.Actions.<init>(Actions.java:68)
at com.vtiger.comcast.GENERICUTILITY.WebDriverUtility.mouseOverOnElement(WebDriverUtility.java:163)
at com.crm.comcast.PomRepository.HomePage.signout(HomePage.java:110)
at com.vtiger.comcast.GENERICUTILITY.BaseClass.logoutApp(BaseClass.java:74)
at java.util.ArrayList.forEach(ArrayList.java:1259)
at java.util.concurrent.FutureTask.run(FutureTask.java:266)
at java.util.concurrent.ThreadPoolExecutor.runWorker(ThreadPoolExecutor.java:1149)
at java.util.concurrent.ThreadPoolExecutor$Worker.run(ThreadPoolExecutor.java:624)
at java.lang.Thread.run(Thread.java:750)
... Removed 23 stack frames]]>
    </failure>
  </testcase> <!-- @AfterMethod logoutApp -->
  <testcase name="@AfterMethod logoutApp" time="0.013" classname="com.vtiger.comcast.GENERICUTILITY.BaseClass">
    <failure type="java.lang.IllegalArgumentException" message="Driver must be set">
      <![CDATA[java.lang.IllegalArgumentException: Driver must be set
at org.openqa.selenium.internal.Require.nonNull(Require.java:59)
at org.openqa.selenium.interactions.Actions.<init>(Actions.java:68)
at com.vtiger.comcast.GENERICUTILITY.WebDriverUtility.mouseOverOnElement(WebDriverUtility.java:163)
at com.crm.comcast.PomRepository.HomePage.signout(HomePage.java:110)
at com.vtiger.comcast.GENERICUTILITY.BaseClass.logoutApp(BaseClass.java:74)
at java.util.ArrayList.forEach(ArrayList.java:1259)
at java.util.concurrent.FutureTask.run(FutureTask.java:266)
at java.util.concurrent.ThreadPoolExecutor.runWorker(ThreadPoolExecutor.java:1149)
at java.util.concurrent.ThreadPoolExecutor$Worker.run(ThreadPoolExecutor.java:624)
at java.lang.Thread.run(Thread.java:750)
... Removed 23 stack frames]]>
    </failure>
  </testcase> <!-- @AfterMethod logoutApp -->
  <testcase name="@AfterClass closeBrowser" time="0.001" classname="com.vtiger.comcast.GENERICUTILITY.BaseClass">
    <failure type="java.lang.NullPointerException">
      <![CDATA[java.lang.NullPointerException
at com.vtiger.comcast.GENERICUTILITY.BaseClass.closeBrowser(BaseClass.java:82)
at java.util.ArrayList.forEach(ArrayList.java:1259)
at java.util.concurrent.FutureTask.run(FutureTask.java:266)
at java.util.concurrent.ThreadPoolExecutor.runWorker(ThreadPoolExecutor.java:1149)
at java.util.concurrent.ThreadPoolExecutor$Worker.run(ThreadPoolExecutor.java:624)
at java.lang.Thread.run(Thread.java:750)
... Removed 16 stack frames]]>
    </failure>
  </testcase> <!-- @AfterClass closeBrowser -->
  <testcase name="@AfterClass closeBrowser" time="0.0" classname="com.vtiger.comcast.GENERICUTILITY.BaseClass">
    <failure type="java.lang.NullPointerException">
      <![CDATA[java.lang.NullPointerException
at com.vtiger.comcast.GENERICUTILITY.BaseClass.closeBrowser(BaseClass.java:82)
at java.util.ArrayList.forEach(ArrayList.java:1259)
at java.util.concurrent.FutureTask.run(FutureTask.java:266)
at java.util.concurrent.ThreadPoolExecutor.runWorker(ThreadPoolExecutor.java:1149)
at java.util.concurrent.ThreadPoolExecutor$Worker.run(ThreadPoolExecutor.java:624)
at java.lang.Thread.run(Thread.java:750)
... Removed 16 stack frames]]>
    </failure>
  </testcase> <!-- @AfterClass closeBrowser -->
  <testcase name="@BeforeClass launchBrowser" time="-1.658065796314E9" classname="com.vtiger.comcast.GENERICUTILITY.BaseClass">
    <failure type="org.testng.TestNGException" message="
Parameter &amp;apos;Browser&amp;apos; is required by BeforeClass on method launchBrowser but has not been marked @Optional or defined
in C:\Users\Dell\eclipse-workspace\com.crm.comcast.SDET36\parallel.xml">
      <![CDATA[org.testng.TestNGException: 
Parameter 'Browser' is required by BeforeClass on method launchBrowser but has not been marked @Optional or defined
in C:\Users\Dell\eclipse-workspace\com.crm.comcast.SDET36\parallel.xml
at java.util.ArrayList.forEach(ArrayList.java:1259)
at java.util.concurrent.FutureTask.run(FutureTask.java:266)
at java.util.concurrent.ThreadPoolExecutor.runWorker(ThreadPoolExecutor.java:1149)
at java.util.concurrent.ThreadPoolExecutor$Worker.run(ThreadPoolExecutor.java:624)
at java.lang.Thread.run(Thread.java:750)
... Removed 13 stack frames]]>
    </failure>
  </testcase> <!-- @BeforeClass launchBrowser -->
  <testcase name="@BeforeClass launchBrowser" time="-1.658065796313E9" classname="com.vtiger.comcast.GENERICUTILITY.BaseClass">
    <failure type="org.testng.TestNGException" message="
Parameter &amp;apos;Browser&amp;apos; is required by BeforeClass on method launchBrowser but has not been marked @Optional or defined
in C:\Users\Dell\eclipse-workspace\com.crm.comcast.SDET36\parallel.xml">
      <![CDATA[org.testng.TestNGException: 
Parameter 'Browser' is required by BeforeClass on method launchBrowser but has not been marked @Optional or defined
in C:\Users\Dell\eclipse-workspace\com.crm.comcast.SDET36\parallel.xml
at java.util.ArrayList.forEach(ArrayList.java:1259)
at java.util.concurrent.FutureTask.run(FutureTask.java:266)
at java.util.concurrent.ThreadPoolExecutor.runWorker(ThreadPoolExecutor.java:1149)
at java.util.concurrent.ThreadPoolExecutor$Worker.run(ThreadPoolExecutor.java:624)
at java.lang.Thread.run(Thread.java:750)
... Removed 13 stack frames]]>
    </failure>
  </testcase> <!-- @BeforeClass launchBrowser -->
  <testcase name="@BeforeMethod loginapp" time="0.003" classname="com.vtiger.comcast.GENERICUTILITY.BaseClass">
    <failure type="java.lang.NullPointerException">
      <![CDATA[java.lang.NullPointerException
at com.crm.comcast.PomRepository.LoginPage.loginToVtiger(LoginPage.java:54)
at com.vtiger.comcast.GENERICUTILITY.BaseClass.loginapp(BaseClass.java:65)
at java.util.ArrayList.forEach(ArrayList.java:1259)
at java.util.concurrent.FutureTask.run(FutureTask.java:266)
at java.util.concurrent.ThreadPoolExecutor.runWorker(ThreadPoolExecutor.java:1149)
at java.util.concurrent.ThreadPoolExecutor$Worker.run(ThreadPoolExecutor.java:624)
at java.lang.Thread.run(Thread.java:750)
... Removed 22 stack frames]]>
    </failure>
  </testcase> <!-- @BeforeMethod loginapp -->
  <testcase name="@BeforeMethod loginapp" time="0.002" classname="com.vtiger.comcast.GENERICUTILITY.BaseClass">
    <failure type="java.lang.NullPointerException">
      <![CDATA[java.lang.NullPointerException
at com.crm.comcast.PomRepository.LoginPage.loginToVtiger(LoginPage.java:54)
at com.vtiger.comcast.GENERICUTILITY.BaseClass.loginapp(BaseClass.java:65)
at java.util.ArrayList.forEach(ArrayList.java:1259)
at java.util.concurrent.FutureTask.run(FutureTask.java:266)
at java.util.concurrent.ThreadPoolExecutor.runWorker(ThreadPoolExecutor.java:1149)
at java.util.concurrent.ThreadPoolExecutor$Worker.run(ThreadPoolExecutor.java:624)
at java.lang.Thread.run(Thread.java:750)
... Removed 22 stack frames]]>
    </failure>
  </testcase> <!-- @BeforeMethod loginapp -->
  <testcase name="@AfterMethod logoutApp" time="0.001" classname="com.vtiger.comcast.GENERICUTILITY.BaseClass">
    <failure type="java.lang.IllegalArgumentException" message="Driver must be set">
      <![CDATA[java.lang.IllegalArgumentException: Driver must be set
at org.openqa.selenium.internal.Require.nonNull(Require.java:59)
at org.openqa.selenium.interactions.Actions.<init>(Actions.java:68)
at com.vtiger.comcast.GENERICUTILITY.WebDriverUtility.mouseOverOnElement(WebDriverUtility.java:163)
at com.crm.comcast.PomRepository.HomePage.signout(HomePage.java:110)
at com.vtiger.comcast.GENERICUTILITY.BaseClass.logoutApp(BaseClass.java:74)
at java.util.ArrayList.forEach(ArrayList.java:1259)
at java.util.concurrent.FutureTask.run(FutureTask.java:266)
at java.util.concurrent.ThreadPoolExecutor.runWorker(ThreadPoolExecutor.java:1149)
at java.util.concurrent.ThreadPoolExecutor$Worker.run(ThreadPoolExecutor.java:624)
at java.lang.Thread.run(Thread.java:750)
... Removed 23 stack frames]]>
    </failure>
  </testcase> <!-- @AfterMethod logoutApp -->
  <testcase name="@AfterMethod logoutApp" time="0.001" classname="com.vtiger.comcast.GENERICUTILITY.BaseClass">
    <failure type="java.lang.IllegalArgumentException" message="Driver must be set">
      <![CDATA[java.lang.IllegalArgumentException: Driver must be set
at org.openqa.selenium.internal.Require.nonNull(Require.java:59)
at org.openqa.selenium.interactions.Actions.<init>(Actions.java:68)
at com.vtiger.comcast.GENERICUTILITY.WebDriverUtility.mouseOverOnElement(WebDriverUtility.java:163)
at com.crm.comcast.PomRepository.HomePage.signout(HomePage.java:110)
at com.vtiger.comcast.GENERICUTILITY.BaseClass.logoutApp(BaseClass.java:74)
at java.util.ArrayList.forEach(ArrayList.java:1259)
at java.util.concurrent.FutureTask.run(FutureTask.java:266)
at java.util.concurrent.ThreadPoolExecutor.runWorker(ThreadPoolExecutor.java:1149)
at java.util.concurrent.ThreadPoolExecutor$Worker.run(ThreadPoolExecutor.java:624)
at java.lang.Thread.run(Thread.java:750)
... Removed 23 stack frames]]>
    </failure>
  </testcase> <!-- @AfterMethod logoutApp -->
  <testcase name="@BeforeMethod loginapp" time="0.002" classname="com.vtiger.comcast.GENERICUTILITY.BaseClass">
    <failure type="java.lang.NullPointerException">
      <![CDATA[java.lang.NullPointerException
at com.crm.comcast.PomRepository.LoginPage.loginToVtiger(LoginPage.java:54)
at com.vtiger.comcast.GENERICUTILITY.BaseClass.loginapp(BaseClass.java:65)
at java.util.ArrayList.forEach(ArrayList.java:1259)
at java.util.concurrent.FutureTask.run(FutureTask.java:266)
at java.util.concurrent.ThreadPoolExecutor.runWorker(ThreadPoolExecutor.java:1149)
at java.util.concurrent.ThreadPoolExecutor$Worker.run(ThreadPoolExecutor.java:624)
at java.lang.Thread.run(Thread.java:750)
... Removed 22 stack frames]]>
    </failure>
  </testcase> <!-- @BeforeMethod loginapp -->
  <testcase name="@BeforeMethod loginapp" time="0.002" classname="com.vtiger.comcast.GENERICUTILITY.BaseClass">
    <failure type="java.lang.NullPointerException">
      <![CDATA[java.lang.NullPointerException
at com.crm.comcast.PomRepository.LoginPage.loginToVtiger(LoginPage.java:54)
at com.vtiger.comcast.GENERICUTILITY.BaseClass.loginapp(BaseClass.java:65)
at java.util.ArrayList.forEach(ArrayList.java:1259)
at java.util.concurrent.FutureTask.run(FutureTask.java:266)
at java.util.concurrent.ThreadPoolExecutor.runWorker(ThreadPoolExecutor.java:1149)
at java.util.concurrent.ThreadPoolExecutor$Worker.run(ThreadPoolExecutor.java:624)
at java.lang.Thread.run(Thread.java:750)
... Removed 22 stack frames]]>
    </failure>
  </testcase> <!-- @BeforeMethod loginapp -->
  <testcase name="@AfterMethod logoutApp" time="0.0" classname="com.vtiger.comcast.GENERICUTILITY.BaseClass">
    <failure type="java.lang.IllegalArgumentException" message="Driver must be set">
      <![CDATA[java.lang.IllegalArgumentException: Driver must be set
at org.openqa.selenium.internal.Require.nonNull(Require.java:59)
at org.openqa.selenium.interactions.Actions.<init>(Actions.java:68)
at com.vtiger.comcast.GENERICUTILITY.WebDriverUtility.mouseOverOnElement(WebDriverUtility.java:163)
at com.crm.comcast.PomRepository.HomePage.signout(HomePage.java:110)
at com.vtiger.comcast.GENERICUTILITY.BaseClass.logoutApp(BaseClass.java:74)
at java.util.ArrayList.forEach(ArrayList.java:1259)
at java.util.concurrent.FutureTask.run(FutureTask.java:266)
at java.util.concurrent.ThreadPoolExecutor.runWorker(ThreadPoolExecutor.java:1149)
at java.util.concurrent.ThreadPoolExecutor$Worker.run(ThreadPoolExecutor.java:624)
at java.lang.Thread.run(Thread.java:750)
... Removed 23 stack frames]]>
    </failure>
  </testcase> <!-- @AfterMethod logoutApp -->
  <testcase name="@AfterMethod logoutApp" time="0.001" classname="com.vtiger.comcast.GENERICUTILITY.BaseClass">
    <failure type="java.lang.IllegalArgumentException" message="Driver must be set">
      <![CDATA[java.lang.IllegalArgumentException: Driver must be set
at org.openqa.selenium.internal.Require.nonNull(Require.java:59)
at org.openqa.selenium.interactions.Actions.<init>(Actions.java:68)
at com.vtiger.comcast.GENERICUTILITY.WebDriverUtility.mouseOverOnElement(WebDriverUtility.java:163)
at com.crm.comcast.PomRepository.HomePage.signout(HomePage.java:110)
at com.vtiger.comcast.GENERICUTILITY.BaseClass.logoutApp(BaseClass.java:74)
at java.util.ArrayList.forEach(ArrayList.java:1259)
at java.util.concurrent.FutureTask.run(FutureTask.java:266)
at java.util.concurrent.ThreadPoolExecutor.runWorker(ThreadPoolExecutor.java:1149)
at java.util.concurrent.ThreadPoolExecutor$Worker.run(ThreadPoolExecutor.java:624)
at java.lang.Thread.run(Thread.java:750)
... Removed 23 stack frames]]>
    </failure>
  </testcase> <!-- @AfterMethod logoutApp -->
  <testcase name="@AfterClass closeBrowser" time="0.001" classname="com.vtiger.comcast.GENERICUTILITY.BaseClass">
    <failure type="java.lang.NullPointerException">
      <![CDATA[java.lang.NullPointerException
at com.vtiger.comcast.GENERICUTILITY.BaseClass.closeBrowser(BaseClass.java:82)
at java.util.ArrayList.forEach(ArrayList.java:1259)
at java.util.concurrent.FutureTask.run(FutureTask.java:266)
at java.util.concurrent.ThreadPoolExecutor.runWorker(ThreadPoolExecutor.java:1149)
at java.util.concurrent.ThreadPoolExecutor$Worker.run(ThreadPoolExecutor.java:624)
at java.lang.Thread.run(Thread.java:750)
... Removed 16 stack frames]]>
    </failure>
  </testcase> <!-- @AfterClass closeBrowser -->
  <testcase name="@AfterClass closeBrowser" time="0.0" classname="com.vtiger.comcast.GENERICUTILITY.BaseClass">
    <failure type="java.lang.NullPointerException">
      <![CDATA[java.lang.NullPointerException
at com.vtiger.comcast.GENERICUTILITY.BaseClass.closeBrowser(BaseClass.java:82)
at java.util.ArrayList.forEach(ArrayList.java:1259)
at java.util.concurrent.FutureTask.run(FutureTask.java:266)
at java.util.concurrent.ThreadPoolExecutor.runWorker(ThreadPoolExecutor.java:1149)
at java.util.concurrent.ThreadPoolExecutor$Worker.run(ThreadPoolExecutor.java:624)
at java.lang.Thread.run(Thread.java:750)
... Removed 16 stack frames]]>
    </failure>
  </testcase> <!-- @AfterClass closeBrowser -->
  <testcase name="@BeforeClass launchBrowser" time="-1.658065796341E9" classname="com.vtiger.comcast.GENERICUTILITY.BaseClass">
    <failure type="org.testng.TestNGException" message="
Parameter &amp;apos;Browser&amp;apos; is required by BeforeClass on method launchBrowser but has not been marked @Optional or defined
in C:\Users\Dell\eclipse-workspace\com.crm.comcast.SDET36\parallel.xml">
      <![CDATA[org.testng.TestNGException: 
Parameter 'Browser' is required by BeforeClass on method launchBrowser but has not been marked @Optional or defined
in C:\Users\Dell\eclipse-workspace\com.crm.comcast.SDET36\parallel.xml
at java.util.ArrayList.forEach(ArrayList.java:1259)
at java.util.concurrent.FutureTask.run(FutureTask.java:266)
at java.util.concurrent.ThreadPoolExecutor.runWorker(ThreadPoolExecutor.java:1149)
at java.util.concurrent.ThreadPoolExecutor$Worker.run(ThreadPoolExecutor.java:624)
at java.lang.Thread.run(Thread.java:750)
... Removed 13 stack frames]]>
    </failure>
  </testcase> <!-- @BeforeClass launchBrowser -->
  <testcase name="@BeforeClass launchBrowser" time="-1.658065796344E9" classname="com.vtiger.comcast.GENERICUTILITY.BaseClass">
    <failure type="org.testng.TestNGException" message="
Parameter &amp;apos;Browser&amp;apos; is required by BeforeClass on method launchBrowser but has not been marked @Optional or defined
in C:\Users\Dell\eclipse-workspace\com.crm.comcast.SDET36\parallel.xml">
      <![CDATA[org.testng.TestNGException: 
Parameter 'Browser' is required by BeforeClass on method launchBrowser but has not been marked @Optional or defined
in C:\Users\Dell\eclipse-workspace\com.crm.comcast.SDET36\parallel.xml
at java.util.ArrayList.forEach(ArrayList.java:1259)
at java.util.concurrent.FutureTask.run(FutureTask.java:266)
at java.util.concurrent.ThreadPoolExecutor.runWorker(ThreadPoolExecutor.java:1149)
at java.util.concurrent.ThreadPoolExecutor$Worker.run(ThreadPoolExecutor.java:624)
at java.lang.Thread.run(Thread.java:750)
... Removed 13 stack frames]]>
    </failure>
  </testcase> <!-- @BeforeClass launchBrowser -->
  <testcase name="@BeforeMethod loginapp" time="0.002" classname="com.vtiger.comcast.GENERICUTILITY.BaseClass">
    <failure type="java.lang.NullPointerException">
      <![CDATA[java.lang.NullPointerException
at com.crm.comcast.PomRepository.LoginPage.loginToVtiger(LoginPage.java:54)
at com.vtiger.comcast.GENERICUTILITY.BaseClass.loginapp(BaseClass.java:65)
at java.util.ArrayList.forEach(ArrayList.java:1259)
at java.util.concurrent.FutureTask.run(FutureTask.java:266)
at java.util.concurrent.ThreadPoolExecutor.runWorker(ThreadPoolExecutor.java:1149)
at java.util.concurrent.ThreadPoolExecutor$Worker.run(ThreadPoolExecutor.java:624)
at java.lang.Thread.run(Thread.java:750)
... Removed 22 stack frames]]>
    </failure>
  </testcase> <!-- @BeforeMethod loginapp -->
  <testcase name="@AfterMethod logoutApp" time="0.001" classname="com.vtiger.comcast.GENERICUTILITY.BaseClass">
    <failure type="java.lang.IllegalArgumentException" message="Driver must be set">
      <![CDATA[java.lang.IllegalArgumentException: Driver must be set
at org.openqa.selenium.internal.Require.nonNull(Require.java:59)
at org.openqa.selenium.interactions.Actions.<init>(Actions.java:68)
at com.vtiger.comcast.GENERICUTILITY.WebDriverUtility.mouseOverOnElement(WebDriverUtility.java:163)
at com.crm.comcast.PomRepository.HomePage.signout(HomePage.java:110)
at com.vtiger.comcast.GENERICUTILITY.BaseClass.logoutApp(BaseClass.java:74)
at java.util.ArrayList.forEach(ArrayList.java:1259)
at java.util.concurrent.FutureTask.run(FutureTask.java:266)
at java.util.concurrent.ThreadPoolExecutor.runWorker(ThreadPoolExecutor.java:1149)
at java.util.concurrent.ThreadPoolExecutor$Worker.run(ThreadPoolExecutor.java:624)
at java.lang.Thread.run(Thread.java:750)
... Removed 23 stack frames]]>
    </failure>
  </testcase> <!-- @AfterMethod logoutApp -->
  <testcase name="@BeforeMethod loginapp" time="0.007" classname="com.vtiger.comcast.GENERICUTILITY.BaseClass">
    <failure type="java.lang.NullPointerException">
      <![CDATA[java.lang.NullPointerException
at com.crm.comcast.PomRepository.LoginPage.loginToVtiger(LoginPage.java:54)
at com.vtiger.comcast.GENERICUTILITY.BaseClass.loginapp(BaseClass.java:65)
at java.util.ArrayList.forEach(ArrayList.java:1259)
at java.util.concurrent.FutureTask.run(FutureTask.java:266)
at java.util.concurrent.ThreadPoolExecutor.runWorker(ThreadPoolExecutor.java:1149)
at java.util.concurrent.ThreadPoolExecutor$Worker.run(ThreadPoolExecutor.java:624)
at java.lang.Thread.run(Thread.java:750)
... Removed 22 stack frames]]>
    </failure>
  </testcase> <!-- @BeforeMethod loginapp -->
  <testcase name="@BeforeMethod loginapp" time="0.001" classname="com.vtiger.comcast.GENERICUTILITY.BaseClass">
    <failure type="java.lang.NullPointerException">
      <![CDATA[java.lang.NullPointerException
at com.crm.comcast.PomRepository.LoginPage.loginToVtiger(LoginPage.java:54)
at com.vtiger.comcast.GENERICUTILITY.BaseClass.loginapp(BaseClass.java:65)
at java.util.ArrayList.forEach(ArrayList.java:1259)
at java.util.concurrent.FutureTask.run(FutureTask.java:266)
at java.util.concurrent.ThreadPoolExecutor.runWorker(ThreadPoolExecutor.java:1149)
at java.util.concurrent.ThreadPoolExecutor$Worker.run(ThreadPoolExecutor.java:624)
at java.lang.Thread.run(Thread.java:750)
... Removed 22 stack frames]]>
    </failure>
  </testcase> <!-- @BeforeMethod loginapp -->
  <testcase name="@AfterMethod logoutApp" time="0.001" classname="com.vtiger.comcast.GENERICUTILITY.BaseClass">
    <failure type="java.lang.IllegalArgumentException" message="Driver must be set">
      <![CDATA[java.lang.IllegalArgumentException: Driver must be set
at org.openqa.selenium.internal.Require.nonNull(Require.java:59)
at org.openqa.selenium.interactions.Actions.<init>(Actions.java:68)
at com.vtiger.comcast.GENERICUTILITY.WebDriverUtility.mouseOverOnElement(WebDriverUtility.java:163)
at com.crm.comcast.PomRepository.HomePage.signout(HomePage.java:110)
at com.vtiger.comcast.GENERICUTILITY.BaseClass.logoutApp(BaseClass.java:74)
at java.util.ArrayList.forEach(ArrayList.java:1259)
at java.util.concurrent.FutureTask.run(FutureTask.java:266)
at java.util.concurrent.ThreadPoolExecutor.runWorker(ThreadPoolExecutor.java:1149)
at java.util.concurrent.ThreadPoolExecutor$Worker.run(ThreadPoolExecutor.java:624)
at java.lang.Thread.run(Thread.java:750)
... Removed 23 stack frames]]>
    </failure>
  </testcase> <!-- @AfterMethod logoutApp -->
  <testcase name="@AfterClass closeBrowser" time="0.001" classname="com.vtiger.comcast.GENERICUTILITY.BaseClass">
    <failure type="java.lang.NullPointerException">
      <![CDATA[java.lang.NullPointerException
at com.vtiger.comcast.GENERICUTILITY.BaseClass.closeBrowser(BaseClass.java:82)
at java.util.ArrayList.forEach(ArrayList.java:1259)
at java.util.concurrent.FutureTask.run(FutureTask.java:266)
at java.util.concurrent.ThreadPoolExecutor.runWorker(ThreadPoolExecutor.java:1149)
at java.util.concurrent.ThreadPoolExecutor$Worker.run(ThreadPoolExecutor.java:624)
at java.lang.Thread.run(Thread.java:750)
... Removed 16 stack frames]]>
    </failure>
  </testcase> <!-- @AfterClass closeBrowser -->
  <testcase name="@AfterMethod logoutApp" time="0.001" classname="com.vtiger.comcast.GENERICUTILITY.BaseClass">
    <failure type="java.lang.IllegalArgumentException" message="Driver must be set">
      <![CDATA[java.lang.IllegalArgumentException: Driver must be set
at org.openqa.selenium.internal.Require.nonNull(Require.java:59)
at org.openqa.selenium.interactions.Actions.<init>(Actions.java:68)
at com.vtiger.comcast.GENERICUTILITY.WebDriverUtility.mouseOverOnElement(WebDriverUtility.java:163)
at com.crm.comcast.PomRepository.HomePage.signout(HomePage.java:110)
at com.vtiger.comcast.GENERICUTILITY.BaseClass.logoutApp(BaseClass.java:74)
at java.util.ArrayList.forEach(ArrayList.java:1259)
at java.util.concurrent.FutureTask.run(FutureTask.java:266)
at java.util.concurrent.ThreadPoolExecutor.runWorker(ThreadPoolExecutor.java:1149)
at java.util.concurrent.ThreadPoolExecutor$Worker.run(ThreadPoolExecutor.java:624)
at java.lang.Thread.run(Thread.java:750)
... Removed 23 stack frames]]>
    </failure>
  </testcase> <!-- @AfterMethod logoutApp -->
  <testcase name="@BeforeMethod loginapp" time="0.002" classname="com.vtiger.comcast.GENERICUTILITY.BaseClass">
    <failure type="java.lang.NullPointerException">
      <![CDATA[java.lang.NullPointerException
at com.crm.comcast.PomRepository.LoginPage.loginToVtiger(LoginPage.java:54)
at com.vtiger.comcast.GENERICUTILITY.BaseClass.loginapp(BaseClass.java:65)
at java.util.ArrayList.forEach(ArrayList.java:1259)
at java.util.concurrent.FutureTask.run(FutureTask.java:266)
at java.util.concurrent.ThreadPoolExecutor.runWorker(ThreadPoolExecutor.java:1149)
at java.util.concurrent.ThreadPoolExecutor$Worker.run(ThreadPoolExecutor.java:624)
at java.lang.Thread.run(Thread.java:750)
... Removed 22 stack frames]]>
    </failure>
  </testcase> <!-- @BeforeMethod loginapp -->
  <testcase name="@AfterMethod logoutApp" time="0.001" classname="com.vtiger.comcast.GENERICUTILITY.BaseClass">
    <failure type="java.lang.IllegalArgumentException" message="Driver must be set">
      <![CDATA[java.lang.IllegalArgumentException: Driver must be set
at org.openqa.selenium.internal.Require.nonNull(Require.java:59)
at org.openqa.selenium.interactions.Actions.<init>(Actions.java:68)
at com.vtiger.comcast.GENERICUTILITY.WebDriverUtility.mouseOverOnElement(WebDriverUtility.java:163)
at com.crm.comcast.PomRepository.HomePage.signout(HomePage.java:110)
at com.vtiger.comcast.GENERICUTILITY.BaseClass.logoutApp(BaseClass.java:74)
at java.util.ArrayList.forEach(ArrayList.java:1259)
at java.util.concurrent.FutureTask.run(FutureTask.java:266)
at java.util.concurrent.ThreadPoolExecutor.runWorker(ThreadPoolExecutor.java:1149)
at java.util.concurrent.ThreadPoolExecutor$Worker.run(ThreadPoolExecutor.java:624)
at java.lang.Thread.run(Thread.java:750)
... Removed 23 stack frames]]>
    </failure>
  </testcase> <!-- @AfterMethod logoutApp -->
  <testcase name="@AfterClass closeBrowser" time="0.0" classname="com.vtiger.comcast.GENERICUTILITY.BaseClass">
    <failure type="java.lang.NullPointerException">
      <![CDATA[java.lang.NullPointerException
at com.vtiger.comcast.GENERICUTILITY.BaseClass.closeBrowser(BaseClass.java:82)
at java.util.ArrayList.forEach(ArrayList.java:1259)
at java.util.concurrent.FutureTask.run(FutureTask.java:266)
at java.util.concurrent.ThreadPoolExecutor.runWorker(ThreadPoolExecutor.java:1149)
at java.util.concurrent.ThreadPoolExecutor$Worker.run(ThreadPoolExecutor.java:624)
at java.lang.Thread.run(Thread.java:750)
... Removed 16 stack frames]]>
    </failure>
  </testcase> <!-- @AfterClass closeBrowser -->
  <testcase name="createDocumentsTest" time="0.0" classname="com.crm.comcast.DocumentsTest.CreateDocumentsTest">
    <skipped/>
  </testcase> <!-- createDocumentsTest -->
  <testcase name="createOrganizationTest" time="0.0" classname="com.crm.comcast.OrganizationTest.CreateOrganizationTest">
    <skipped/>
  </testcase> <!-- createOrganizationTest -->
  <testcase name="mandatoryFields" time="0.0" classname="com.crm.comcast.OrganizationTest.CreateOrganizationTest">
    <skipped/>
  </testcase> <!-- mandatoryFields -->
  <testcase name="createContactTest" time="0.0" classname="com.crm.comcast.ContactTest.DeleteContactTest">
    <skipped/>
  </testcase> <!-- createContactTest -->
  <testcase name="deleteContactsTest" time="0.0" classname="com.crm.comcast.ContactTest.DeleteContactTest">
    <skipped/>
  </testcase> <!-- deleteContactsTest -->
  <testcase name="@AfterSuite configAS" time="0.0" classname="com.vtiger.comcast.GENERICUTILITY.BaseClass">
    <ignored/>
  </testcase> <!-- @AfterSuite configAS -->
  <testcase name="@AfterSuite configAS" time="0.0" classname="com.vtiger.comcast.GENERICUTILITY.BaseClass">
    <ignored/>
  </testcase> <!-- @AfterSuite configAS -->
  <testcase name="@BeforeSuite configBS" time="0.0" classname="com.vtiger.comcast.GENERICUTILITY.BaseClass">
    <ignored/>
  </testcase> <!-- @BeforeSuite configBS -->
  <testcase name="@BeforeSuite configBS" time="0.0" classname="com.vtiger.comcast.GENERICUTILITY.BaseClass">
    <ignored/>
  </testcase> <!-- @BeforeSuite configBS -->
</testsuite> <!-- Test1 -->
